# JRE version: Java(TM) SE Runtime Environment (8.0_77-b03) (build 1.8.0_77-b03)
# Java VM: Java HotSpot(TM) 64-Bit Server VM (25.77-b03 mixed mode windows-amd64 compressed oops)
Heap:
 PSYoungGen      total 298496K, used 92050K [0x00000000eab00000, 0x00000000ffb80000, 0x0000000100000000)
  eden space 252416K, 35% used [0x00000000eab00000,0x00000000f025ee50,0x00000000fa180000)
  from space 46080K, 5% used [0x00000000fce80000,0x00000000fd105a48,0x00000000ffb80000)
  to   space 46080K, 0% used [0x00000000fa180000,0x00000000fa180000,0x00000000fce80000)
 ParOldGen       total 201216K, used 171748K [0x00000000c0000000, 0x00000000cc480000, 0x00000000eab00000)
  object space 201216K, 85% used [0x00000000c0000000,0x00000000ca7b9290,0x00000000cc480000)
 Metaspace       used 91383K, capacity 98094K, committed 98328K, reserved 1134592K
  class space    used 11721K, capacity 13291K, committed 13360K, reserved 1048576K
GC Heap History (10 events):
Event: 14654.639 GC heap before
{Heap before GC invocations=47 (full 7):
 PSYoungGen      total 285696K, used 236615K [0x00000000eab00000, 0x00000000fff00000, 0x0000000100000000)
  eden space 228352K, 100% used [0x00000000eab00000,0x00000000f8a00000,0x00000000f8a00000)
  from space 57344K, 14% used [0x00000000f8a00000,0x00000000f9211d30,0x00000000fc200000)
  to   space 54784K, 0% used [0x00000000fc980000,0x00000000fc980000,0x00000000fff00000)
 ParOldGen       total 201216K, used 143325K [0x00000000c0000000, 0x00000000cc480000, 0x00000000eab00000)
  object space 201216K, 71% used [0x00000000c0000000,0x00000000c8bf7500,0x00000000cc480000)
 Metaspace       used 89661K, capacity 95230K, committed 95512K, reserved 1132544K
  class space    used 11475K, capacity 12782K, committed 12848K, reserved 1048576K
Event: 14658.648 GC heap after
Heap after GC invocations=47 (full 7):
 PSYoungGen      total 283136K, used 15710K [0x00000000eab00000, 0x00000000ff680000, 0x0000000100000000)
  eden space 237056K, 0% used [0x00000000eab00000,0x00000000eab00000,0x00000000f9280000)
  from space 46080K, 34% used [0x00000000fc980000,0x00000000fd8d7b30,0x00000000ff680000)
  to   space 51200K, 0% used [0x00000000f9280000,0x00000000f9280000,0x00000000fc480000)
 ParOldGen       total 201216K, used 147827K [0x00000000c0000000, 0x00000000cc480000, 0x00000000eab00000)
  object space 201216K, 73% used [0x00000000c0000000,0x00000000c905cef8,0x00000000cc480000)
 Metaspace       used 89661K, capacity 95230K, committed 95512K, reserved 1132544K
  class space    used 11475K, capacity 12782K, committed 12848K, reserved 1048576K
}
Event: 14816.565 GC heap before
{Heap before GC invocations=48 (full 7):
 PSYoungGen      total 283136K, used 252766K [0x00000000eab00000, 0x00000000ff680000, 0x0000000100000000)
  eden space 237056K, 100% used [0x00000000eab00000,0x00000000f9280000,0x00000000f9280000)
  from space 46080K, 34% used [0x00000000fc980000,0x00000000fd8d7b30,0x00000000ff680000)
  to   space 51200K, 0% used [0x00000000f9280000,0x00000000f9280000,0x00000000fc480000)
 ParOldGen       total 201216K, used 147827K [0x00000000c0000000, 0x00000000cc480000, 0x00000000eab00000)
  object space 201216K, 73% used [0x00000000c0000000,0x00000000c905cef8,0x00000000cc480000)
 Metaspace       used 90298K, capacity 96204K, committed 96408K, reserved 1132544K
  class space    used 11571K, capacity 12969K, committed 12976K, reserved 1048576K
Event: 14828.143 GC heap after
Heap after GC invocations=48 (full 7):
 PSYoungGen      total 288256K, used 24702K [0x00000000eab00000, 0x0000000100000000, 0x0000000100000000)
  eden space 237056K, 0% used [0x00000000eab00000,0x00000000eab00000,0x00000000f9280000)
  from space 51200K, 48% used [0x00000000f9280000,0x00000000faa9faa0,0x00000000fc480000)
  to   space 50688K, 0% used [0x00000000fce80000,0x00000000fce80000,0x0000000100000000)
 ParOldGen       total 201216K, used 160417K [0x00000000c0000000, 0x00000000cc480000, 0x00000000eab00000)
  object space 201216K, 79% used [0x00000000c0000000,0x00000000c9ca8668,0x00000000cc480000)
 Metaspace       used 90298K, capacity 96204K, committed 96408K, reserved 1132544K
  class space    used 11571K, capacity 12969K, committed 12976K, reserved 1048576K
}
Event: 16509.198 GC heap before
{Heap before GC invocations=49 (full 7):
 PSYoungGen      total 288256K, used 261758K [0x00000000eab00000, 0x0000000100000000, 0x0000000100000000)
  eden space 237056K, 100% used [0x00000000eab00000,0x00000000f9280000,0x00000000f9280000)
  from space 51200K, 48% used [0x00000000f9280000,0x00000000faa9faa0,0x00000000fc480000)
  to   space 50688K, 0% used [0x00000000fce80000,0x00000000fce80000,0x0000000100000000)
 ParOldGen       total 201216K, used 160417K [0x00000000c0000000, 0x00000000cc480000, 0x00000000eab00000)
  object space 201216K, 79% used [0x00000000c0000000,0x00000000c9ca8668,0x00000000cc480000)
 Metaspace       used 90522K, capacity 96666K, committed 96792K, reserved 1132544K
  class space    used 11612K, capacity 13069K, committed 13104K, reserved 1048576K
Event: 16525.096 GC heap after
Heap after GC invocations=49 (full 7):
 PSYoungGen      total 295424K, used 3248K [0x00000000eab00000, 0x00000000ffd80000, 0x0000000100000000)
  eden space 247296K, 0% used [0x00000000eab00000,0x00000000eab00000,0x00000000f9c80000)
  from space 48128K, 6% used [0x00000000fce80000,0x00000000fd1ac030,0x00000000ffd80000)
  to   space 49664K, 0% used [0x00000000f9c80000,0x00000000f9c80000,0x00000000fcd00000)
 ParOldGen       total 201216K, used 164983K [0x00000000c0000000, 0x00000000cc480000, 0x00000000eab00000)
  object space 201216K, 81% used [0x00000000c0000000,0x00000000ca11df10,0x00000000cc480000)
 Metaspace       used 90522K, capacity 96666K, committed 96792K, reserved 1132544K
  class space    used 11612K, capacity 13069K, committed 13104K, reserved 1048576K
}
Event: 17165.256 GC heap before
{Heap before GC invocations=50 (full 7):
 PSYoungGen      total 295424K, used 250544K [0x00000000eab00000, 0x00000000ffd80000, 0x0000000100000000)
  eden space 247296K, 100% used [0x00000000eab00000,0x00000000f9c80000,0x00000000f9c80000)
  from space 48128K, 6% used [0x00000000fce80000,0x00000000fd1ac030,0x00000000ffd80000)
  to   space 49664K, 0% used [0x00000000f9c80000,0x00000000f9c80000,0x00000000fcd00000)
 ParOldGen       total 201216K, used 164983K [0x00000000c0000000, 0x00000000cc480000, 0x00000000eab00000)
  object space 201216K, 81% used [0x00000000c0000000,0x00000000ca11df10,0x00000000cc480000)
 Metaspace       used 91082K, capacity 97692K, committed 97816K, reserved 1134592K
  class space    used 11684K, capacity 13256K, committed 13360K, reserved 1048576K
Event: 17173.194 GC heap after
Heap after GC invocations=50 (full 7):
 PSYoungGen      total 296960K, used 11520K [0x00000000eab00000, 0x00000000ffc80000, 0x0000000100000000)
  eden space 247296K, 0% used [0x00000000eab00000,0x00000000eab00000,0x00000000f9c80000)
  from space 49664K, 23% used [0x00000000f9c80000,0x00000000fa7c0060,0x00000000fcd00000)
  to   space 47104K, 0% used [0x00000000fce80000,0x00000000fce80000,0x00000000ffc80000)
 ParOldGen       total 201216K, used 166058K [0x00000000c0000000, 0x00000000cc480000, 0x00000000eab00000)
  object space 201216K, 82% used [0x00000000c0000000,0x00000000ca22a958,0x00000000cc480000)
 Metaspace       used 91082K, capacity 97692K, committed 97816K, reserved 1134592K
  class space    used 11684K, capacity 13256K, committed 13360K, reserved 1048576K
}
Event: 17283.779 GC heap before
{Heap before GC invocations=51 (full 7):
 PSYoungGen      total 296960K, used 258782K [0x00000000eab00000, 0x00000000ffc80000, 0x0000000100000000)
  eden space 247296K, 99% used [0x00000000eab00000,0x00000000f9c77a60,0x00000000f9c80000)
  from space 49664K, 23% used [0x00000000f9c80000,0x00000000fa7c0060,0x00000000fcd00000)
  to   space 47104K, 0% used [0x00000000fce80000,0x00000000fce80000,0x00000000ffc80000)
 ParOldGen       total 201216K, used 166058K [0x00000000c0000000, 0x00000000cc480000, 0x00000000eab00000)
  object space 201216K, 82% used [0x00000000c0000000,0x00000000ca22a958,0x00000000cc480000)
 Metaspace       used 91206K, capacity 97960K, committed 98072K, reserved 1134592K
  class space    used 11702K, capacity 13290K, committed 13360K, reserved 1048576K
Event: 17283.896 GC heap after
Heap after GC invocations=51 (full 7):
 PSYoungGen      total 298496K, used 2582K [0x00000000eab00000, 0x00000000ffb80000, 0x0000000100000000)
  eden space 252416K, 0% used [0x00000000eab00000,0x00000000eab00000,0x00000000fa180000)
  from space 46080K, 5% used [0x00000000fce80000,0x00000000fd105a48,0x00000000ffb80000)
  to   space 46080K, 0% used [0x00000000fa180000,0x00000000fa180000,0x00000000fce80000)
 ParOldGen       total 201216K, used 171748K [0x00000000c0000000, 0x00000000cc480000, 0x00000000eab00000)
  object space 201216K, 85% used [0x00000000c0000000,0x00000000ca7b9290,0x00000000cc480000)
 Metaspace       used 91206K, capacity 97960K, committed 98072K, reserved 1134592K
  class space    used 11702K, capacity 13290K, committed 13360K, reserved 1048576K
}

